<?xml version="1.0" encoding="UTF-8"?>
<!-- Generated by org.testng.reporters.JUnitXMLReporter -->
<testsuite hostname="vasanthvasu" ignored="6" name="Test" tests="5" failures="3" timestamp="2021-06-12T15:58:01 GMT+05:30" time="27.434" errors="0">
  <testcase name="@BeforeClass report" time="0.016" classname="com.leafBot.testng.utils.Reporter">
    <failure type="java.lang.NullPointerException">
      <![CDATA[java.lang.NullPointerException
at com.leafBot.testng.utils.Reporter.report(Reporter.java:37)
at java.util.ArrayList.forEach(ArrayList.java:1234)
... Removed 26 stack frames]]>
    </failure>
  </testcase> <!-- @BeforeClass report -->
  <testcase name="@BeforeClass report" time="0.0" classname="com.leafBot.testng.utils.Reporter">
    <failure type="java.lang.NullPointerException">
      <![CDATA[java.lang.NullPointerException
at com.leafBot.testng.utils.Reporter.report(Reporter.java:37)
at java.util.ArrayList.forEach(ArrayList.java:1234)
... Removed 26 stack frames]]>
    </failure>
  </testcase> <!-- @BeforeClass report -->
  <testcase name="@BeforeClass report" time="0.0" classname="com.leafBot.testng.utils.Reporter">
    <failure type="java.lang.NullPointerException">
      <![CDATA[java.lang.NullPointerException
at com.leafBot.testng.utils.Reporter.report(Reporter.java:37)
at java.util.ArrayList.forEach(ArrayList.java:1234)
... Removed 26 stack frames]]>
    </failure>
  </testcase> <!-- @BeforeClass report -->
  <testcase name="createLeaf" time="2.13" classname="com.leafBot.testcases.TC001_LoginLogOut"/>
  <testcase name="createLeaf" time="2.201" classname="com.leafBot.testcases.TC001_LoginLogOut"/>
  <testcase name="createLead" time="0.063" classname="com.leafBot.testcases.TC002_CreateLead">
    <failure type="org.testng.internal.reflect.MethodMatcherException" message="
[public void com.leafBot.testcases.TC002_CreateLead.createLead(java.lang.String,java.lang.String,java.lang.String,java.lang.String,java.lang.String,java.lang.String)] has no parameters defined but was found to be using a data provider (either explicitly specified or inherited from class level annotation).
Data provider mismatch
Method: createLead([Parameter{index=0, type=java.lang.String, declaredAnnotations=[]}, Parameter{index=1, type=java.lang.String, declaredAnnotations=[]}, Parameter{index=2, type=java.lang.String, declaredAnnotations=[]}, Parameter{index=3, type=java.lang.String, declaredAnnotations=[]}, Parameter{index=4, type=java.lang.String, declaredAnnotations=[]}, Parameter{index=5, type=java.lang.String, declaredAnnotations=[]}])
Arguments: [(java.lang.String) DemoSalesManager,(java.lang.String) crmsfa]">
      <![CDATA[org.testng.internal.reflect.MethodMatcherException: 
[public void com.leafBot.testcases.TC002_CreateLead.createLead(java.lang.String,java.lang.String,java.lang.String,java.lang.String,java.lang.String,java.lang.String)] has no parameters defined but was found to be using a data provider (either explicitly specified or inherited from class level annotation).
Data provider mismatch
Method: createLead([Parameter{index=0, type=java.lang.String, declaredAnnotations=[]}, Parameter{index=1, type=java.lang.String, declaredAnnotations=[]}, Parameter{index=2, type=java.lang.String, declaredAnnotations=[]}, Parameter{index=3, type=java.lang.String, declaredAnnotations=[]}, Parameter{index=4, type=java.lang.String, declaredAnnotations=[]}, Parameter{index=5, type=java.lang.String, declaredAnnotations=[]}])
Arguments: [(java.lang.String) DemoSalesManager,(java.lang.String) crmsfa]
at java.util.ArrayList.forEach(ArrayList.java:1234)
... Removed 23 stack frames]]>
    </failure>
  </testcase> <!-- createLead -->
  <testcase name="editLead" time="0.046" classname="com.leafBot.testcases.TC003_EditLead">
    <failure type="org.testng.internal.reflect.MethodMatcherException" message="
[public void com.leafBot.testcases.TC003_EditLead.editLead(java.lang.String,java.lang.String,java.lang.String,java.lang.String)] has no parameters defined but was found to be using a data provider (either explicitly specified or inherited from class level annotation).
Data provider mismatch
Method: editLead([Parameter{index=0, type=java.lang.String, declaredAnnotations=[]}, Parameter{index=1, type=java.lang.String, declaredAnnotations=[]}, Parameter{index=2, type=java.lang.String, declaredAnnotations=[]}, Parameter{index=3, type=java.lang.String, declaredAnnotations=[]}])
Arguments: [(java.lang.String) DemoSalesManager,(java.lang.String) crmsfa]">
      <![CDATA[org.testng.internal.reflect.MethodMatcherException: 
[public void com.leafBot.testcases.TC003_EditLead.editLead(java.lang.String,java.lang.String,java.lang.String,java.lang.String)] has no parameters defined but was found to be using a data provider (either explicitly specified or inherited from class level annotation).
Data provider mismatch
Method: editLead([Parameter{index=0, type=java.lang.String, declaredAnnotations=[]}, Parameter{index=1, type=java.lang.String, declaredAnnotations=[]}, Parameter{index=2, type=java.lang.String, declaredAnnotations=[]}, Parameter{index=3, type=java.lang.String, declaredAnnotations=[]}])
Arguments: [(java.lang.String) DemoSalesManager,(java.lang.String) crmsfa]
at java.util.ArrayList.forEach(ArrayList.java:1234)
... Removed 23 stack frames]]>
    </failure>
  </testcase> <!-- editLead -->
  <testcase name="deleteLead" time="0.032" classname="com.leafBot.testcases.TC004_DeleteLead">
    <failure type="org.testng.internal.reflect.MethodMatcherException" message="
[public void com.leafBot.testcases.TC004_DeleteLead.deleteLead(java.lang.String,java.lang.String,java.lang.String,java.lang.String)] has no parameters defined but was found to be using a data provider (either explicitly specified or inherited from class level annotation).
Data provider mismatch
Method: deleteLead([Parameter{index=0, type=java.lang.String, declaredAnnotations=[]}, Parameter{index=1, type=java.lang.String, declaredAnnotations=[]}, Parameter{index=2, type=java.lang.String, declaredAnnotations=[]}, Parameter{index=3, type=java.lang.String, declaredAnnotations=[]}])
Arguments: [(java.lang.String) DemoSalesManager,(java.lang.String) crmsfa]">
      <![CDATA[org.testng.internal.reflect.MethodMatcherException: 
[public void com.leafBot.testcases.TC004_DeleteLead.deleteLead(java.lang.String,java.lang.String,java.lang.String,java.lang.String)] has no parameters defined but was found to be using a data provider (either explicitly specified or inherited from class level annotation).
Data provider mismatch
Method: deleteLead([Parameter{index=0, type=java.lang.String, declaredAnnotations=[]}, Parameter{index=1, type=java.lang.String, declaredAnnotations=[]}, Parameter{index=2, type=java.lang.String, declaredAnnotations=[]}, Parameter{index=3, type=java.lang.String, declaredAnnotations=[]}])
Arguments: [(java.lang.String) DemoSalesManager,(java.lang.String) crmsfa]
at java.util.ArrayList.forEach(ArrayList.java:1234)
... Removed 23 stack frames]]>
    </failure>
  </testcase> <!-- deleteLead -->
  <testcase name="@AfterSuite stopReport" time="0.0" classname="com.leafBot.testng.utils.Reporter">
    <ignored/>
  </testcase> <!-- @AfterSuite stopReport -->
  <testcase name="@AfterSuite stopReport" time="0.0" classname="com.leafBot.testng.utils.Reporter">
    <ignored/>
  </testcase> <!-- @AfterSuite stopReport -->
  <testcase name="@AfterSuite stopReport" time="0.0" classname="com.leafBot.testng.utils.Reporter">
    <ignored/>
  </testcase> <!-- @AfterSuite stopReport -->
  <testcase name="@BeforeSuite startReport" time="0.0" classname="com.leafBot.testng.utils.Reporter">
    <ignored/>
  </testcase> <!-- @BeforeSuite startReport -->
  <testcase name="@BeforeSuite startReport" time="0.0" classname="com.leafBot.testng.utils.Reporter">
    <ignored/>
  </testcase> <!-- @BeforeSuite startReport -->
  <testcase name="@BeforeSuite startReport" time="0.0" classname="com.leafBot.testng.utils.Reporter">
    <ignored/>
  </testcase> <!-- @BeforeSuite startReport -->
</testsuite> <!-- Test -->
